# Logfile created on 2015-09-04 12:01:13 -0300 by logger.rb/31641
D, [2015-09-04T12:01:13.679901 #1952] DEBUG -- : REQUESTING PAGE: GET / with {} and HTTP headers {}
D, [2015-09-04T12:05:58.795636 #2099] DEBUG -- : REQUESTING PAGE: GET / with {} and HTTP headers {}
D, [2015-09-04T12:05:58.879956 #2099] DEBUG -- : REQUESTING PAGE: POST / with {} and HTTP headers {"HTTP_REFERER"=>"/"}
D, [2015-09-04T12:06:39.197246 #2105] DEBUG -- : REQUESTING PAGE: GET / with {} and HTTP headers {}
D, [2015-09-04T12:06:39.276579 #2105] DEBUG -- : REQUESTING PAGE: POST / with {} and HTTP headers {"HTTP_REFERER"=>"/"}
D, [2015-09-04T12:09:17.992160 #2121] DEBUG -- : REQUESTING PAGE: GET / with {} and HTTP headers {}
D, [2015-09-04T12:09:18.067707 #2121] DEBUG -- : REQUESTING PAGE: POST / with {} and HTTP headers {"HTTP_REFERER"=>"/"}
D, [2015-09-04T12:15:49.099056 #2136] DEBUG -- : REQUESTING PAGE: GET / with {} and HTTP headers {}
D, [2015-09-04T12:15:49.174790 #2136] DEBUG -- : REQUESTING PAGE: POST / with {} and HTTP headers {"HTTP_REFERER"=>"/"}
D, [2015-09-04T12:32:53.391729 #2187] DEBUG -- : REQUESTING PAGE: GET / with {} and HTTP headers {}
D, [2015-09-04T12:32:53.466436 #2187] DEBUG -- : REQUESTING PAGE: POST / with {} and HTTP headers {"HTTP_REFERER"=>"/"}
D, [2015-09-04T12:36:19.222545 #2201] DEBUG -- : REQUESTING PAGE: GET / with {} and HTTP headers {}
D, [2015-09-04T12:36:19.305913 #2201] DEBUG -- : REQUESTING PAGE: POST / with {} and HTTP headers {"HTTP_REFERER"=>"/"}
D, [2015-09-04T12:38:01.004558 #2206] DEBUG -- : REQUESTING PAGE: GET / with {} and HTTP headers {}
D, [2015-09-04T12:38:01.078541 #2206] DEBUG -- : REQUESTING PAGE: POST / with {} and HTTP headers {"HTTP_REFERER"=>"/"}
D, [2015-09-04T13:06:04.816750 #2329] DEBUG -- : REQUESTING PAGE: GET / with {} and HTTP headers {}
D, [2015-09-04T13:06:04.900008 #2329] DEBUG -- : REQUESTING PAGE: GET / with {} and HTTP headers {}
D, [2015-09-04T13:06:04.905409 #2329] DEBUG -- : REQUESTING PAGE: POST / with {} and HTTP headers {"HTTP_REFERER"=>"/"}
D, [2015-09-04T13:07:48.758330 #2334] DEBUG -- : REQUESTING PAGE: GET / with {} and HTTP headers {}
D, [2015-09-04T13:07:48.832431 #2334] DEBUG -- : REQUESTING PAGE: POST /energia with {} and HTTP headers {"HTTP_REFERER"=>"/"}
D, [2015-09-04T13:07:48.846163 #2334] DEBUG -- : REQUESTING PAGE: GET / with {} and HTTP headers {}
D, [2015-09-04T13:07:48.850189 #2334] DEBUG -- : REQUESTING PAGE: POST /puntaje with {} and HTTP headers {"HTTP_REFERER"=>"/"}
D, [2015-09-04T13:30:31.545865 #2362] DEBUG -- : REQUESTING PAGE: GET / with {} and HTTP headers {}
D, [2015-09-04T13:30:31.622213 #2362] DEBUG -- : REQUESTING PAGE: POST /energia with {} and HTTP headers {"HTTP_REFERER"=>"/"}
D, [2015-09-04T13:30:32.700820 #2362] DEBUG -- : REQUESTING PAGE: GET / with {} and HTTP headers {}
D, [2015-09-04T13:30:32.705846 #2362] DEBUG -- : REQUESTING PAGE: POST /puntaje with {} and HTTP headers {"HTTP_REFERER"=>"/"}
D, [2015-09-04T13:34:13.697498 #2379] DEBUG -- : REQUESTING PAGE: GET / with {} and HTTP headers {}
D, [2015-09-04T13:34:13.776370 #2379] DEBUG -- : REQUESTING PAGE: POST /energia with {} and HTTP headers {"HTTP_REFERER"=>"/"}
D, [2015-09-04T13:34:13.790525 #2379] DEBUG -- : REQUESTING PAGE: GET / with {} and HTTP headers {}
D, [2015-09-04T13:34:13.795093 #2379] DEBUG -- : REQUESTING PAGE: POST /puntaje with {} and HTTP headers {"HTTP_REFERER"=>"/"}
D, [2015-09-04T13:34:46.890230 #2383] DEBUG -- : REQUESTING PAGE: GET / with {} and HTTP headers {}
D, [2015-09-04T13:34:46.968078 #2383] DEBUG -- : REQUESTING PAGE: POST /energia with {} and HTTP headers {"HTTP_REFERER"=>"/"}
D, [2015-09-04T13:34:46.981039 #2383] DEBUG -- : REQUESTING PAGE: GET / with {} and HTTP headers {}
D, [2015-09-04T13:34:46.984929 #2383] DEBUG -- : REQUESTING PAGE: POST /puntaje with {} and HTTP headers {"HTTP_REFERER"=>"/"}
